[14:49:28] [ServerMain/INFO]: Environment: authHost='https://authserver.mojang.com', accountsHost='https://api.mojang.com', sessionHost='https://sessionserver.mojang.com', servicesHost='https://api.minecraftservices.com', name='PROD'
[14:49:28] [ServerMain/INFO]: Found new data pack file/bukkit, loading it automatically
[14:49:30] [ServerMain/INFO]: Loaded 7 recipes
[14:49:30] [Server thread/INFO]: Starting minecraft server version 1.20.1
[14:49:30] [Server thread/INFO]: Loading properties
[14:49:30] [Server thread/INFO]: This server is running Paper version git-Paper-196 (MC: 1.20.1) (Implementing API version 1.20.1-R0.1-SNAPSHOT) (Git: 773dd72)
[14:49:31] [Server thread/INFO]: Server Ping Player Sample Count: 12
[14:49:31] [Server thread/INFO]: Using 4 threads for Netty based IO
[14:49:31] [Server thread/INFO]: [ChunkTaskScheduler] Chunk system is using 1 I/O threads, 1 worker threads, and gen parallelism of 1 threads
[14:49:31] [Server thread/WARN]: [!] The timings profiler has been enabled but has been scheduled for removal from Paper in the future.
    We recommend installing the spark profiler as a replacement: https://spark.lucko.me/
    For more information please visit: https://github.com/PaperMC/Paper/issues/8948
[14:49:31] [Server thread/INFO]: Default game type: SURVIVAL
[14:49:31] [Server thread/INFO]: Generating keypair
[14:49:31] [Server thread/INFO]: Starting Minecraft server on *:25565
[14:49:31] [Server thread/INFO]: Using epoll channel type
[14:49:31] [Server thread/INFO]: Paper: Using libdeflate (Linux x86_64) compression from Velocity.
[14:49:31] [Server thread/INFO]: Paper: Using OpenSSL 1.1.x (Linux x86_64) cipher from Velocity.
[14:49:31] [Server thread/WARN]: **** SERVER IS RUNNING IN OFFLINE/INSECURE MODE!
[14:49:31] [Server thread/WARN]: The server will make no attempt to authenticate usernames. Beware.
[14:49:31] [Server thread/WARN]: While this makes the game possible to play without internet access, it also opens up the ability for hackers to connect with any username they choose.
[14:49:31] [Server thread/WARN]: To change this, set "online-mode" to "true" in the server.properties file.
[14:49:31] [Server thread/INFO]: Preparing level "world"
[14:49:43] [Server thread/INFO]: Preparing start region for dimension minecraft:overworld
[14:49:43] [Server thread/INFO]: Time elapsed: 108 ms
[14:49:43] [Server thread/INFO]: Preparing start region for dimension minecraft:the_nether
[14:49:43] [Server thread/INFO]: Time elapsed: 145 ms
[14:49:43] [Server thread/INFO]: Preparing start region for dimension minecraft:the_end
[14:49:43] [Server thread/INFO]: Time elapsed: 152 ms
[14:49:43] [Server thread/INFO]: Running delayed init tasks
[14:49:43] [Server thread/INFO]: Done (13.353s)! For help, type "help"
[14:49:43] [Server thread/INFO]: Timings Reset
